<?xml version="1.0" encoding="UTF-8"?>
<!-- Generated by org.testng.reporters.JUnitReportReporter -->
<testsuite hostname="DIN16000554" name="com.imdb.TestScripts.FetchMovieDetailTest" tests="1" failures="0" timestamp="22 May 2018 07:35:07 GMT" time="73.927" errors="0">
  <testcase name="fetchMovieTitle" time="73.927" classname="com.imdb.TestScripts.FetchMovieDetailTest"/>
</testsuite> <!-- com.imdb.TestScripts.FetchMovieDetailTest -->
